\BOOKMARK [0][-]{chapter.1}{Tempeh Sauerkraut}{}% 1
\BOOKMARK [1][-]{section.1.1}{Ingredients}{chapter.1}% 2
\BOOKMARK [1][-]{section.1.2}{Directions}{chapter.1}% 3
\BOOKMARK [1][-]{section.1.3}{Notes}{chapter.1}% 4
\BOOKMARK [0][-]{chapter.2}{Mung Dal}{}% 5
\BOOKMARK [1][-]{section.2.1}{Ingredients}{chapter.2}% 6
\BOOKMARK [1][-]{section.2.2}{Directions}{chapter.2}% 7
\BOOKMARK [1][-]{section.2.3}{Notes}{chapter.2}% 8
\BOOKMARK [0][-]{chapter.3}{Chickpea Curry}{}% 9
\BOOKMARK [1][-]{section.3.1}{Ingredients}{chapter.3}% 10
\BOOKMARK [1][-]{section.3.2}{Directions}{chapter.3}% 11
\BOOKMARK [1][-]{section.3.3}{Notes}{chapter.3}% 12
\BOOKMARK [0][-]{chapter.4}{Chili}{}% 13
\BOOKMARK [1][-]{section.4.1}{Ingredients}{chapter.4}% 14
\BOOKMARK [1][-]{section.4.2}{Directions}{chapter.4}% 15
\BOOKMARK [1][-]{section.4.3}{Notes}{chapter.4}% 16
\BOOKMARK [0][-]{chapter.5}{Italian Lentil Soup}{}% 17
\BOOKMARK [1][-]{section.5.1}{Ingredients}{chapter.5}% 18
\BOOKMARK [1][-]{section.5.2}{Directions}{chapter.5}% 19
\BOOKMARK [1][-]{section.5.3}{Notes}{chapter.5}% 20
\BOOKMARK [0][-]{chapter.6}{Orange Squash Soup}{}% 21
\BOOKMARK [1][-]{section.6.1}{Ingredients}{chapter.6}% 22
\BOOKMARK [1][-]{section.6.2}{Directions}{chapter.6}% 23
\BOOKMARK [1][-]{section.6.3}{Notes}{chapter.6}% 24
\BOOKMARK [0][-]{chapter.7}{Cabbage Salad}{}% 25
\BOOKMARK [1][-]{section.7.1}{Ingredients}{chapter.7}% 26
\BOOKMARK [1][-]{section.7.2}{Directions}{chapter.7}% 27
\BOOKMARK [1][-]{section.7.3}{Notes}{chapter.7}% 28
\BOOKMARK [0][-]{chapter.8}{Red Cabbage Salad}{}% 29
\BOOKMARK [1][-]{section.8.1}{Ingredients}{chapter.8}% 30
\BOOKMARK [1][-]{section.8.2}{Directions}{chapter.8}% 31
\BOOKMARK [1][-]{section.8.3}{Notes}{chapter.8}% 32
\BOOKMARK [0][-]{chapter.9}{Mashed Kumara}{}% 33
\BOOKMARK [1][-]{section.9.1}{Ingredients}{chapter.9}% 34
\BOOKMARK [1][-]{section.9.2}{Directions}{chapter.9}% 35
\BOOKMARK [0][-]{chapter.10}{Hummus}{}% 36
\BOOKMARK [1][-]{section.10.1}{Ingredients}{chapter.10}% 37
\BOOKMARK [1][-]{section.10.2}{Directions}{chapter.10}% 38
\BOOKMARK [1][-]{section.10.3}{Notes}{chapter.10}% 39
\BOOKMARK [0][-]{chapter.11}{Tarator}{}% 40
\BOOKMARK [1][-]{section.11.1}{Ingredients}{chapter.11}% 41
\BOOKMARK [1][-]{section.11.2}{Directions}{chapter.11}% 42
\BOOKMARK [1][-]{section.11.3}{Notes}{chapter.11}% 43
\BOOKMARK [0][-]{chapter.12}{Nut Butter Muffins}{}% 44
\BOOKMARK [1][-]{section.12.1}{Ingredients}{chapter.12}% 45
\BOOKMARK [1][-]{section.12.2}{Directions}{chapter.12}% 46
\BOOKMARK [0][-]{chapter.13}{Chocolate Chip Cookies}{}% 47
\BOOKMARK [1][-]{section.13.1}{Ingredients}{chapter.13}% 48
\BOOKMARK [1][-]{section.13.2}{Directions}{chapter.13}% 49
\BOOKMARK [1][-]{section.13.3}{Notes}{chapter.13}% 50
\BOOKMARK [0][-]{chapter.14}{Chocolate Peanut Butter Banana Pie}{}% 51
\BOOKMARK [1][-]{section.14.1}{Ingredients}{chapter.14}% 52
\BOOKMARK [1][-]{section.14.2}{Directions}{chapter.14}% 53
\BOOKMARK [0][-]{chapter.15}{Apricot Balls}{}% 54
\BOOKMARK [1][-]{section.15.1}{Ingredients}{chapter.15}% 55
\BOOKMARK [1][-]{section.15.2}{Directions}{chapter.15}% 56
\BOOKMARK [1][-]{section.15.3}{Notes}{chapter.15}% 57
\BOOKMARK [0][-]{chapter.16}{Ice Cream}{}% 58
\BOOKMARK [1][-]{section.16.1}{Ingredients}{chapter.16}% 59
\BOOKMARK [1][-]{section.16.2}{Directions}{chapter.16}% 60
\BOOKMARK [1][-]{section.16.3}{Notes}{chapter.16}% 61
\BOOKMARK [0][-]{chapter.17}{Anise Drink}{}% 62
\BOOKMARK [1][-]{section.17.1}{Ingredients}{chapter.17}% 63
\BOOKMARK [1][-]{section.17.2}{Directions}{chapter.17}% 64
\BOOKMARK [0][-]{chapter.18}{In Praise of Baking Soda}{}% 65
